<?xml version="1.0" encoding="UTF-8"?>
<!-- Generated by org.testng.reporters.JUnitReportReporter -->
<testsuite hostname="DESKTOP-JHCPOK9" failures="0" tests="1" name="com.test.testng.ParameterTest" time="0.010" errors="0" timestamp="2021-04-30T11:27:52 IST" skipped="0">
  <testcase classname="com.test.testng.ParameterTest" name="test1" time="0.010"/>
  <system-out/>
</testsuite> <!-- com.test.testng.ParameterTest -->
