<?xml version="1.0" encoding="UTF-8"?>
<!-- Generated by org.testng.reporters.JUnitReportReporter -->
<testsuite hostname="DESKTOP-JHCPOK9" failures="0" tests="3" name="com.test.paralleltest.TestClass1" time="0.030" errors="0" timestamp="2021-05-02T11:54:27 IST" skipped="0">
  <testcase classname="com.test.paralleltest.TestClass1" name="test2" time="0.010"/>
  <system-out/>
  <testcase classname="com.test.paralleltest.TestClass1" name="test1" time="0.010"/>
  <system-out/>
  <testcase classname="com.test.paralleltest.TestClass1" name="test3" time="0.010"/>
  <system-out/>
</testsuite> <!-- com.test.paralleltest.TestClass1 -->
