<?xml version="1.0" encoding="UTF-8"?>
<!-- Generated by org.testng.reporters.JUnitReportReporter -->
<testsuite hostname="DESKTOP-JHCPOK9" failures="0" tests="3" name="com.test.testng.TestDemo1" time="0.010" errors="0" timestamp="2021-04-29T21:27:43 IST" skipped="0">
  <testcase classname="com.test.testng.TestDemo1" name="test1" time="0.004"/>
  <system-out/>
  <testcase classname="com.test.testng.TestDemo1" name="test2" time="0.003"/>
  <system-out/>
  <testcase classname="com.test.testng.TestDemo1" name="test3" time="0.003"/>
  <system-out/>
</testsuite> <!-- com.test.testng.TestDemo1 -->
