<?xml version="1.0" encoding="UTF-8"?>
<!-- Generated by org.testng.reporters.JUnitReportReporter -->
<testsuite hostname="DESKTOP-JHCPOK9" failures="0" tests="2" name="com.test.testng.StandardTest" time="18.115" errors="0" timestamp="2021-04-29T21:27:43 IST" skipped="0">
  <testcase classname="com.test.testng.StandardTest" name="getCurrentUrl" time="12.094"/>
  <system-out/>
  <testcase classname="com.test.testng.StandardTest" name="getTitle" time="6.021"/>
  <system-out/>
</testsuite> <!-- com.test.testng.StandardTest -->
