<?xml version="1.0" encoding="UTF-8"?>
<!-- Generated by org.testng.reporters.JUnitReportReporter -->
<testsuite hostname="DESKTOP-JHCPOK9" failures="0" tests="9" name="com.test.paralleltest.IndependentTest" time="0.058" errors="0" timestamp="2021-05-02T11:44:49 IST" skipped="0">
  <testcase classname="com.test.paralleltest.IndependentTest" name="testMethod" time="0.002"/>
  <system-out/>
  <testcase classname="com.test.paralleltest.IndependentTest" name="testMethod" time="0.018"/>
  <system-out/>
  <testcase classname="com.test.paralleltest.IndependentTest" name="testMethod" time="0.002"/>
  <system-out/>
  <testcase classname="com.test.paralleltest.IndependentTest" name="testMethod" time="0.002"/>
  <system-out/>
  <testcase classname="com.test.paralleltest.IndependentTest" name="testMethod" time="0.002"/>
  <system-out/>
  <testcase classname="com.test.paralleltest.IndependentTest" name="testMethod" time="0.009"/>
  <system-out/>
  <testcase classname="com.test.paralleltest.IndependentTest" name="testMethod" time="0.003"/>
  <system-out/>
  <testcase classname="com.test.paralleltest.IndependentTest" name="testMethod" time="0.014"/>
  <system-out/>
  <testcase classname="com.test.paralleltest.IndependentTest" name="testMethod" time="0.006"/>
  <system-out/>
</testsuite> <!-- com.test.paralleltest.IndependentTest -->
