<?xml version="1.0" encoding="UTF-8"?>
<!-- Generated by org.testng.reporters.JUnitReportReporter -->
<testsuite hostname="DESKTOP-JHCPOK9" failures="0" tests="3" name="com.test.paralleltest.TestClass3" time="0.009" errors="0" timestamp="2021-05-02T11:54:27 IST" skipped="0">
  <testcase classname="com.test.paralleltest.TestClass3" name="test1" time="0.003"/>
  <system-out/>
  <testcase classname="com.test.paralleltest.TestClass3" name="test2" time="0.002"/>
  <system-out/>
  <testcase classname="com.test.paralleltest.TestClass3" name="test3" time="0.004"/>
  <system-out/>
</testsuite> <!-- com.test.paralleltest.TestClass3 -->
