<?xml version="1.0" encoding="UTF-8"?>
<!-- Generated by org.testng.reporters.JUnitReportReporter -->
<testsuite hostname="DESKTOP-JHCPOK9" failures="0" tests="7" name="com.test.testng.TestPriority" time="0.018" errors="0" timestamp="2021-04-29T21:27:43 IST" skipped="0">
  <testcase classname="com.test.testng.TestPriority" name="test3" time="0.003"/>
  <system-out/>
  <testcase classname="com.test.testng.TestPriority" name="test4" time="0.002"/>
  <system-out/>
  <testcase classname="com.test.testng.TestPriority" name="test2" time="0.005"/>
  <system-out/>
  <testcase classname="com.test.testng.TestPriority" name="test6" time="0.003"/>
  <system-out/>
  <testcase classname="com.test.testng.TestPriority" name="test1" time="0.003"/>
  <system-out/>
  <testcase classname="com.test.testng.TestPriority" name="test5" time="0.001"/>
  <system-out/>
  <testcase classname="com.test.testng.TestPriority" name="test7" time="0.001"/>
  <system-out/>
</testsuite> <!-- com.test.testng.TestPriority -->
