<?xml version="1.0" encoding="UTF-8"?>
<!-- Generated by org.testng.reporters.JUnitReportReporter -->
<testsuite hostname="DESKTOP-JHCPOK9" failures="0" tests="10" name="com.test.testng.DataProviderTest" time="0.034" errors="0" timestamp="2021-05-01T20:49:41 IST" skipped="0">
  <testcase classname="com.test.testng.DataProviderTest" name="test1" time="0.001"/>
  <system-out/>
  <testcase classname="com.test.testng.DataProviderTest" name="test1" time="0.003"/>
  <system-out/>
  <testcase classname="com.test.testng.DataProviderTest" name="test1" time="0.009"/>
  <system-out/>
  <testcase classname="com.test.testng.DataProviderTest" name="test1" time="0.002"/>
  <system-out/>
  <testcase classname="com.test.testng.DataProviderTest" name="test1" time="0.003"/>
  <system-out/>
  <testcase classname="com.test.testng.DataProviderTest" name="test1" time="0.005"/>
  <system-out/>
  <testcase classname="com.test.testng.DataProviderTest" name="test1" time="0.002"/>
  <system-out/>
  <testcase classname="com.test.testng.DataProviderTest" name="test1" time="0.003"/>
  <system-out/>
  <testcase classname="com.test.testng.DataProviderTest" name="test1" time="0.004"/>
  <system-out/>
  <testcase classname="com.test.testng.DataProviderTest" name="test1" time="0.002"/>
  <system-out/>
</testsuite> <!-- com.test.testng.DataProviderTest -->
