<?xml version="1.0" encoding="UTF-8"?>
<!-- Generated by org.testng.reporters.JUnitReportReporter -->
<testsuite hostname="DESKTOP-JHCPOK9" failures="0" tests="1" name="com.test.testng.ExceptionTimeOutTest" time="0.002" errors="0" timestamp="2021-04-29T21:27:43 IST" skipped="0">
  <testcase classname="com.test.testng.ExceptionTimeOutTest" name="test1" time="0.002"/>
  <system-out/>
</testsuite> <!-- com.test.testng.ExceptionTimeOutTest -->
