<?xml version="1.0" encoding="UTF-8"?>
<!-- Generated by org.testng.reporters.JUnitReportReporter -->
<testsuite hostname="DESKTOP-JHCPOK9" failures="0" tests="10" name="com.test.testng.TestInvocationCount" time="0.027" errors="0" timestamp="2021-04-29T21:27:43 IST" skipped="0">
  <testcase classname="com.test.testng.TestInvocationCount" name="m1" time="0.003"/>
  <system-out/>
  <testcase classname="com.test.testng.TestInvocationCount" name="m1" time="0.006"/>
  <system-out/>
  <testcase classname="com.test.testng.TestInvocationCount" name="m1" time="0.001"/>
  <system-out/>
  <testcase classname="com.test.testng.TestInvocationCount" name="m1" time="0.004"/>
  <system-out/>
  <testcase classname="com.test.testng.TestInvocationCount" name="m1" time="0.002"/>
  <system-out/>
  <testcase classname="com.test.testng.TestInvocationCount" name="m1" time="0.004"/>
  <system-out/>
  <testcase classname="com.test.testng.TestInvocationCount" name="m1" time="0.002"/>
  <system-out/>
  <testcase classname="com.test.testng.TestInvocationCount" name="m1" time="0.002"/>
  <system-out/>
  <testcase classname="com.test.testng.TestInvocationCount" name="m1" time="0.002"/>
  <system-out/>
  <testcase classname="com.test.testng.TestInvocationCount" name="m1" time="0.001"/>
  <system-out/>
</testsuite> <!-- com.test.testng.TestInvocationCount -->
